<?xml version="1.0" encoding="UTF-8"?>
<!-- Generated by org.testng.reporters.JUnitReportReporter -->
<testsuite name="com.learnautomation.testcases.LoginTestCRM" tests="2" time="8.877" ignored="0" failures="0" timestamp="22 Jul 2020 04:30:33 GMT" skipped="0" hostname="xyz-PC" errors="0">
  <testcase name="loginApp" time="7.675" classname="com.learnautomation.testcases.LoginTestCRM"/>
  <testcase name="loginApp1" time="1.202" classname="com.learnautomation.testcases.LoginTestCRM"/>
</testsuite> <!-- com.learnautomation.testcases.LoginTestCRM -->
