<?xml version="1.0" encoding="UTF-8"?>
<!-- Generated by org.testng.reporters.JUnitReportReporter -->
<testsuite name="com.learnautomation.testcases.TestCaseWithoutFramework" tests="1" time="75.438" ignored="0" failures="0" timestamp="20 Jul 2020 07:41:17 GMT" skipped="0" hostname="xyz-PC" errors="0">
  <testcase name="test1" time="75.438" classname="com.learnautomation.testcases.TestCaseWithoutFramework"/>
</testsuite> <!-- com.learnautomation.testcases.TestCaseWithoutFramework -->
